0 info it worked if it ends with ok
1 verbose cli [ '/Users/db/.nvm/versions/node/v4.3.2/bin/node',
1 verbose cli   '/Users/db/.nvm/versions/node/v4.3.2/bin/npm',
1 verbose cli   'publish' ]
2 info using npm@3.8.0
3 info using node@v4.3.2
4 verbose publish [ '.' ]
5 silly cache add args [ '.', null ]
6 verbose cache add spec .
7 silly cache add parsed spec Result {
7 silly cache add   raw: '.',
7 silly cache add   scope: null,
7 silly cache add   name: null,
7 silly cache add   rawSpec: '.',
7 silly cache add   spec: '/Users/db/workspace/react-popover',
7 silly cache add   type: 'directory' }
8 verbose addLocalDirectory /Users/db/.npm/react-popover/0.1.0/package.tgz not in flight; packing
9 verbose correctMkdir /Users/db/.npm correctMkdir not in flight; initializing
10 info lifecycle react-popover@0.1.0~prepublish: react-popover@0.1.0
11 silly lifecycle react-popover@0.1.0~prepublish: no script for prepublish, continuing
12 verbose tar pack [ '/Users/db/.npm/react-popover/0.1.0/package.tgz',
12 verbose tar pack   '/Users/db/workspace/react-popover' ]
13 verbose tarball /Users/db/.npm/react-popover/0.1.0/package.tgz
14 verbose folder /Users/db/workspace/react-popover
15 verbose addLocalTarball adding from inside cache /Users/db/.npm/react-popover/0.1.0/package.tgz
16 verbose correctMkdir /Users/db/.npm correctMkdir not in flight; initializing
17 silly cache afterAdd react-popover@0.1.0
18 verbose afterAdd /Users/db/.npm/react-popover/0.1.0/package/package.json not in flight; writing
19 verbose correctMkdir /Users/db/.npm correctMkdir not in flight; initializing
20 verbose afterAdd /Users/db/.npm/react-popover/0.1.0/package/package.json written
21 silly publish { name: 'react-popover',
21 silly publish   version: '0.1.0',
21 silly publish   description: 'Popover component for React',
21 silly publish   main: 'src/Popover.js',
21 silly publish   dependencies: { 'react-overlays': '^0.6.5' },
21 silly publish   devDependencies:
21 silly publish    { babel: '^6.5.2',
21 silly publish      'babel-core': '^6.11.4',
21 silly publish      'babel-loader': '^6.2.4',
21 silly publish      'babel-plugin-transform-react-jsx': '^6.8.0',
21 silly publish      'babel-preset-es2015': '^6.9.0',
21 silly publish      'babel-preset-react': '^6.11.1',
21 silly publish      'jsx-loader': '^0.13.2',
21 silly publish      react: '^15.2.1',
21 silly publish      'react-dom': '^15.2.1',
21 silly publish      webpack: '^1.13.1' },
21 silly publish   scripts:
21 silly publish    { test: 'npm test',
21 silly publish      build: 'webpack -p --config webpack.config.js --progress --profile --colors' },
21 silly publish   author: { name: 'İsmail Demirbilek', email: 'ce.demirbilek@gmail.com' },
21 silly publish   license: 'MIT',
21 silly publish   readme: '# React Popover\nTotally controlled popover component based on [React Overlays](https://github.com/react-bootstrap/react-overlays).\n\n## Install\n```bash\n $ npm install react-popover\n```\n\n## Usage\n```js\nimport \'Popover\' from \'react-popover\';\nimport React, { Component } from \'react\';\n\nclass PopoverDemo extends Component {\n  constructor(props) {\n    super(props);\n    this.state = {\n      open: false\n    };\n  }\n\n  handleClick(e) {\n    this.setState({open: !this.state.open});\n  }\n\n  handleClose(e) {\n    this.setState({open: false});\n  }\n\n  render() {\n    return (\n      <div>\n        <a\n          href="#"\n          className="button"\n          ref="target"\n          onClick={this.handleClick.bind(this)}>Popover</a>\n        <Popover\n          placement=\'left\'\n          container={this}\n          target={this.refs.target}\n          show={this.state.open}\n          onHide={this.handleClose.bind(this)} >\n          <p>This is popover</p>\n        </Popover>\n      </div>\n    );\n  }\n}\n```\n\n## Author\nIsmail Demirbilek - [@dbtek](https://twitter.com/dbtek)\nMIT Licensed',
21 silly publish   readmeFilename: 'README.md',
21 silly publish   gitHead: 'f38fad0f672f3c2601b379abf31c528da1b91542',
21 silly publish   _id: 'react-popover@0.1.0',
21 silly publish   _shasum: '441ec323cf01a67369a8493c69f436f79502859a',
21 silly publish   _from: '.' }
22 verbose getPublishConfig undefined
23 silly mapToRegistry name react-popover
24 silly mapToRegistry using default registry
25 silly mapToRegistry registry https://registry.npmjs.org/
26 silly mapToRegistry uri https://registry.npmjs.org/react-popover
27 verbose publish registryBase https://registry.npmjs.org/
28 silly publish uploading /Users/db/.npm/react-popover/0.1.0/package.tgz
29 verbose request uri https://registry.npmjs.org/react-popover
30 verbose request sending authorization for write operation
31 info attempt registry request try #1 at 12:39:31 AM
32 verbose request using bearer token for auth
33 verbose request id e2365f70c0198eac
34 http request PUT https://registry.npmjs.org/react-popover
35 http 403 https://registry.npmjs.org/react-popover
36 verbose headers { 'content-type': 'application/json',
36 verbose headers   'cache-control': 'max-age=300',
36 verbose headers   'content-length': '107',
36 verbose headers   'accept-ranges': 'bytes',
36 verbose headers   date: 'Mon, 25 Jul 2016 21:39:33 GMT',
36 verbose headers   via: '1.1 varnish',
36 verbose headers   connection: 'keep-alive',
36 verbose headers   'x-served-by': 'cache-lcy1127-LCY',
36 verbose headers   'x-cache': 'MISS',
36 verbose headers   'x-cache-hits': '0',
36 verbose headers   'x-timer': 'S1469482772.764931,VS0,VE1002',
36 verbose headers   vary: 'Accept-Encoding' }
37 verbose request invalidating /Users/db/.npm/registry.npmjs.org/react-popover on PUT
38 error publish Failed PUT 403
39 verbose stack Error: you do not have permission to publish "react-popover". Are you logged in as the correct user? : react-popover
39 verbose stack     at makeError (/Users/db/.nvm/versions/node/v4.3.2/lib/node_modules/npm/node_modules/npm-registry-client/lib/request.js:264:12)
39 verbose stack     at CachingRegistryClient.<anonymous> (/Users/db/.nvm/versions/node/v4.3.2/lib/node_modules/npm/node_modules/npm-registry-client/lib/request.js:252:14)
39 verbose stack     at Request._callback (/Users/db/.nvm/versions/node/v4.3.2/lib/node_modules/npm/node_modules/npm-registry-client/lib/request.js:172:14)
39 verbose stack     at Request.self.callback (/Users/db/.nvm/versions/node/v4.3.2/lib/node_modules/npm/node_modules/request/request.js:199:22)
39 verbose stack     at emitTwo (events.js:87:13)
39 verbose stack     at Request.emit (events.js:172:7)
39 verbose stack     at Request.<anonymous> (/Users/db/.nvm/versions/node/v4.3.2/lib/node_modules/npm/node_modules/request/request.js:1036:10)
39 verbose stack     at emitOne (events.js:82:20)
39 verbose stack     at Request.emit (events.js:169:7)
39 verbose stack     at IncomingMessage.<anonymous> (/Users/db/.nvm/versions/node/v4.3.2/lib/node_modules/npm/node_modules/request/request.js:963:12)
40 verbose statusCode 403
41 verbose pkgid react-popover
42 verbose cwd /Users/db/workspace/react-popover
43 error Darwin 15.6.0
44 error argv "/Users/db/.nvm/versions/node/v4.3.2/bin/node" "/Users/db/.nvm/versions/node/v4.3.2/bin/npm" "publish"
45 error node v4.3.2
46 error npm  v3.8.0
47 error code E403
48 error you do not have permission to publish "react-popover". Are you logged in as the correct user? : react-popover
49 error If you need help, you may report this error at:
49 error     <https://github.com/npm/npm/issues>
50 verbose exit [ 1, true ]
